{"/mnt/c/Users/henri/OneDrive/Documentos/FIAP/project3/lambda/src/config/env.js": {"path":"/mnt/c/Users/henri/OneDrive/Documentos/FIAP/project3/lambda/src/config/env.js","statementMap":{},"fnMap":{},"branchMap":{},"s":{},"f":{},"b":{}}
,"/mnt/c/Users/henri/OneDrive/Documentos/FIAP/project3/lambda/src/functions/auth/auth-service.js": {"path":"/mnt/c/Users/henri/OneDrive/Documentos/FIAP/project3/lambda/src/functions/auth/auth-service.js","statementMap":{},"fnMap":{},"branchMap":{},"s":{},"f":{},"b":{}}
,"/mnt/c/Users/henri/OneDrive/Documentos/FIAP/project3/lambda/src/functions/auth/client-hints-dpr-width-viewport.js": {"path":"/mnt/c/Users/henri/OneDrive/Documentos/FIAP/project3/lambda/src/functions/auth/client-hints-dpr-width-viewport.js","statementMap":{"0":{"start":{"line":1,"column":0},"end":{"line":1,"column":1805}}},"fnMap":{},"branchMap":{},"s":{"0":0},"f":{},"b":{}}
,"/mnt/c/Users/henri/OneDrive/Documentos/FIAP/project3/lambda/src/functions/auth/client-test.js": {"path":"/mnt/c/Users/henri/OneDrive/Documentos/FIAP/project3/lambda/src/functions/auth/client-test.js","statementMap":{"0":{"start":{"line":3,"column":13},"end":{"line":3,"column":30}},"1":{"start":{"line":4,"column":12},"end":{"line":4,"column":28}},"2":{"start":{"line":5,"column":11},"end":{"line":5,"column":26}},"3":{"start":{"line":6,"column":11},"end":{"line":6,"column":26}},"4":{"start":{"line":8,"column":15},"end":{"line":8,"column":36}},"5":{"start":{"line":9,"column":11},"end":{"line":9,"column":25}},"6":{"start":{"line":12,"column":0},"end":{"line":14,"column":16}},"7":{"start":{"line":16,"column":0},"end":{"line":242,"column":2}},"8":{"start":{"line":17,"column":2},"end":{"line":162,"column":4}},"9":{"start":{"line":18,"column":4},"end":{"line":161,"column":6}},"10":{"start":{"line":23,"column":6},"end":{"line":69,"column":8}},"11":{"start":{"line":24,"column":8},"end":{"line":24,"column":38}},"12":{"start":{"line":26,"column":22},"end":{"line":30,"column":25}},"13":{"start":{"line":31,"column":8},"end":{"line":54,"column":10}},"14":{"start":{"line":32,"column":21},"end":{"line":32,"column":23}},"15":{"start":{"line":33,"column":10},"end":{"line":35,"column":12}},"16":{"start":{"line":34,"column":12},"end":{"line":34,"column":25}},"17":{"start":{"line":36,"column":10},"end":{"line":53,"column":12}},"18":{"start":{"line":37,"column":12},"end":{"line":37,"column":43}},"19":{"start":{"line":38,"column":12},"end":{"line":38,"column":44}},"20":{"start":{"line":40,"column":23},"end":{"line":52,"column":14}},"21":{"start":{"line":45,"column":14},"end":{"line":45,"column":26}},"22":{"start":{"line":47,"column":14},"end":{"line":47,"column":30}},"23":{"start":{"line":48,"column":14},"end":{"line":49,"column":16}},"24":{"start":{"line":51,"column":14},"end":{"line":51,"column":37}},"25":{"start":{"line":56,"column":8},"end":{"line":68,"column":10}},"26":{"start":{"line":57,"column":10},"end":{"line":65,"column":12}},"27":{"start":{"line":67,"column":10},"end":{"line":67,"column":16}},"28":{"start":{"line":71,"column":6},"end":{"line":81,"column":8}},"29":{"start":{"line":72,"column":22},"end":{"line":72,"column":23}},"30":{"start":{"line":73,"column":8},"end":{"line":73,"column":25}},"31":{"start":{"line":74,"column":8},"end":{"line":74,"column":26}},"32":{"start":{"line":77,"column":10},"end":{"line":79,"column":11}},"33":{"start":{"line":78,"column":12},"end":{"line":78,"column":18}},"34":{"start":{"line":83,"column":6},"end":{"line":99,"column":8}},"35":{"start":{"line":84,"column":18},"end":{"line":97,"column":10}},"36":{"start":{"line":93,"column":10},"end":{"line":93,"column":49}},"37":{"start":{"line":94,"column":10},"end":{"line":94,"column":48}},"38":{"start":{"line":96,"column":10},"end":{"line":96,"column":48}},"39":{"start":{"line":98,"column":8},"end":{"line":98,"column":17}},"40":{"start":{"line":101,"column":6},"end":{"line":122,"column":8}},"41":{"start":{"line":102,"column":18},"end":{"line":116,"column":10}},"42":{"start":{"line":112,"column":10},"end":{"line":112,"column":49}},"43":{"start":{"line":113,"column":10},"end":{"line":113,"column":57}},"44":{"start":{"line":115,"column":10},"end":{"line":115,"column":53}},"45":{"start":{"line":118,"column":8},"end":{"line":121,"column":12}},"46":{"start":{"line":120,"column":12},"end":{"line":120,"column":32}},"47":{"start":{"line":124,"column":6},"end":{"line":143,"column":8}},"48":{"start":{"line":125,"column":18},"end":{"line":134,"column":10}},"49":{"start":{"line":131,"column":10},"end":{"line":131,"column":49}},"50":{"start":{"line":133,"column":10},"end":{"line":133,"column":22}},"51":{"start":{"line":135,"column":8},"end":{"line":141,"column":10}},"52":{"start":{"line":136,"column":10},"end":{"line":136,"column":48}},"53":{"start":{"line":137,"column":10},"end":{"line":137,"column":54}},"54":{"start":{"line":139,"column":10},"end":{"line":139,"column":23}},"55":{"start":{"line":140,"column":10},"end":{"line":140,"column":32}},"56":{"start":{"line":142,"column":8},"end":{"line":142,"column":17}},"57":{"start":{"line":145,"column":6},"end":{"line":160,"column":8}},"58":{"start":{"line":146,"column":18},"end":{"line":158,"column":10}},"59":{"start":{"line":152,"column":10},"end":{"line":152,"column":49}},"60":{"start":{"line":154,"column":10},"end":{"line":157,"column":12}},"61":{"start":{"line":155,"column":12},"end":{"line":155,"column":51}},"62":{"start":{"line":156,"column":12},"end":{"line":156,"column":50}},"63":{"start":{"line":159,"column":8},"end":{"line":159,"column":17}},"64":{"start":{"line":164,"column":2},"end":{"line":241,"column":4}},"65":{"start":{"line":165,"column":4},"end":{"line":240,"column":6}},"66":{"start":{"line":172,"column":6},"end":{"line":203,"column":8}},"67":{"start":{"line":173,"column":8},"end":{"line":173,"column":38}},"68":{"start":{"line":175,"column":22},"end":{"line":180,"column":25}},"69":{"start":{"line":181,"column":8},"end":{"line":184,"column":10}},"70":{"start":{"line":182,"column":10},"end":{"line":182,"column":41}},"71":{"start":{"line":183,"column":10},"end":{"line":183,"column":19}},"72":{"start":{"line":186,"column":8},"end":{"line":202,"column":10}},"73":{"start":{"line":187,"column":10},"end":{"line":196,"column":12}},"74":{"start":{"line":198,"column":10},"end":{"line":201,"column":12}},"75":{"start":{"line":199,"column":12},"end":{"line":199,"column":52}},"76":{"start":{"line":200,"column":12},"end":{"line":200,"column":18}},"77":{"start":{"line":205,"column":6},"end":{"line":215,"column":8}},"78":{"start":{"line":206,"column":22},"end":{"line":206,"column":23}},"79":{"start":{"line":207,"column":8},"end":{"line":207,"column":25}},"80":{"start":{"line":208,"column":8},"end":{"line":208,"column":26}},"81":{"start":{"line":211,"column":10},"end":{"line":213,"column":11}},"82":{"start":{"line":212,"column":12},"end":{"line":212,"column":18}},"83":{"start":{"line":217,"column":6},"end":{"line":231,"column":8}},"84":{"start":{"line":218,"column":18},"end":{"line":229,"column":10}},"85":{"start":{"line":224,"column":10},"end":{"line":224,"column":49}},"86":{"start":{"line":225,"column":10},"end":{"line":225,"column":71}},"87":{"start":{"line":227,"column":10},"end":{"line":227,"column":22}},"88":{"start":{"line":228,"column":10},"end":{"line":228,"column":31}},"89":{"start":{"line":230,"column":8},"end":{"line":230,"column":17}},"90":{"start":{"line":233,"column":6},"end":{"line":239,"column":8}},"91":{"start":{"line":234,"column":8},"end":{"line":237,"column":10}},"92":{"start":{"line":235,"column":10},"end":{"line":235,"column":55}},"93":{"start":{"line":236,"column":10},"end":{"line":236,"column":16}},"94":{"start":{"line":238,"column":8},"end":{"line":238,"column":57}}},"fnMap":{"0":{"name":"(anonymous_0)","decl":{"start":{"line":16,"column":24},"end":{"line":16,"column":25}},"loc":{"start":{"line":16,"column":36},"end":{"line":242,"column":1}},"line":16},"1":{"name":"(anonymous_1)","decl":{"start":{"line":17,"column":22},"end":{"line":17,"column":23}},"loc":{"start":{"line":17,"column":34},"end":{"line":162,"column":3}},"line":17},"2":{"name":"(anonymous_2)","decl":{"start":{"line":18,"column":25},"end":{"line":18,"column":26}},"loc":{"start":{"line":18,"column":67},"end":{"line":161,"column":5}},"line":18},"3":{"name":"(anonymous_3)","decl":{"start":{"line":23,"column":17},"end":{"line":23,"column":18}},"loc":{"start":{"line":23,"column":33},"end":{"line":69,"column":7}},"line":23},"4":{"name":"(anonymous_4)","decl":{"start":{"line":31,"column":44},"end":{"line":31,"column":45}},"loc":{"start":{"line":31,"column":64},"end":{"line":54,"column":9}},"line":31},"5":{"name":"(anonymous_5)","decl":{"start":{"line":33,"column":25},"end":{"line":33,"column":26}},"loc":{"start":{"line":33,"column":42},"end":{"line":35,"column":11}},"line":33},"6":{"name":"(anonymous_6)","decl":{"start":{"line":36,"column":24},"end":{"line":36,"column":25}},"loc":{"start":{"line":36,"column":36},"end":{"line":53,"column":11}},"line":36},"7":{"name":"(anonymous_7)","decl":{"start":{"line":44,"column":15},"end":{"line":44,"column":16}},"loc":{"start":{"line":44,"column":30},"end":{"line":52,"column":13}},"line":44},"8":{"name":"(anonymous_8)","decl":{"start":{"line":48,"column":31},"end":{"line":48,"column":32}},"loc":{"start":{"line":48,"column":43},"end":{"line":49,"column":15}},"line":48},"9":{"name":"(anonymous_9)","decl":{"start":{"line":56,"column":37},"end":{"line":56,"column":38}},"loc":{"start":{"line":56,"column":49},"end":{"line":68,"column":9}},"line":56},"10":{"name":"(anonymous_10)","decl":{"start":{"line":71,"column":16},"end":{"line":71,"column":17}},"loc":{"start":{"line":71,"column":32},"end":{"line":81,"column":7}},"line":71},"11":{"name":"next","decl":{"start":{"line":76,"column":17},"end":{"line":76,"column":21}},"loc":{"start":{"line":76,"column":25},"end":{"line":80,"column":9}},"line":76},"12":{"name":"(anonymous_12)","decl":{"start":{"line":83,"column":36},"end":{"line":83,"column":37}},"loc":{"start":{"line":83,"column":52},"end":{"line":99,"column":7}},"line":83},"13":{"name":"(anonymous_13)","decl":{"start":{"line":92,"column":11},"end":{"line":92,"column":12}},"loc":{"start":{"line":92,"column":26},"end":{"line":97,"column":9}},"line":92},"14":{"name":"(anonymous_14)","decl":{"start":{"line":101,"column":37},"end":{"line":101,"column":38}},"loc":{"start":{"line":101,"column":53},"end":{"line":122,"column":7}},"line":101},"15":{"name":"(anonymous_15)","decl":{"start":{"line":111,"column":11},"end":{"line":111,"column":12}},"loc":{"start":{"line":111,"column":26},"end":{"line":116,"column":9}},"line":111},"16":{"name":"(anonymous_16)","decl":{"start":{"line":119,"column":10},"end":{"line":119,"column":11}},"loc":{"start":{"line":119,"column":22},"end":{"line":121,"column":11}},"line":119},"17":{"name":"(anonymous_17)","decl":{"start":{"line":124,"column":40},"end":{"line":124,"column":41}},"loc":{"start":{"line":124,"column":56},"end":{"line":143,"column":7}},"line":124},"18":{"name":"(anonymous_18)","decl":{"start":{"line":130,"column":11},"end":{"line":130,"column":12}},"loc":{"start":{"line":130,"column":26},"end":{"line":134,"column":9}},"line":130},"19":{"name":"(anonymous_19)","decl":{"start":{"line":135,"column":23},"end":{"line":135,"column":24}},"loc":{"start":{"line":135,"column":39},"end":{"line":141,"column":9}},"line":135},"20":{"name":"(anonymous_20)","decl":{"start":{"line":145,"column":44},"end":{"line":145,"column":45}},"loc":{"start":{"line":145,"column":60},"end":{"line":160,"column":7}},"line":145},"21":{"name":"(anonymous_21)","decl":{"start":{"line":151,"column":11},"end":{"line":151,"column":12}},"loc":{"start":{"line":151,"column":26},"end":{"line":158,"column":9}},"line":151},"22":{"name":"(anonymous_22)","decl":{"start":{"line":154,"column":29},"end":{"line":154,"column":30}},"loc":{"start":{"line":154,"column":48},"end":{"line":157,"column":11}},"line":154},"23":{"name":"(anonymous_23)","decl":{"start":{"line":164,"column":30},"end":{"line":164,"column":31}},"loc":{"start":{"line":164,"column":42},"end":{"line":241,"column":3}},"line":164},"24":{"name":"(anonymous_24)","decl":{"start":{"line":165,"column":25},"end":{"line":165,"column":26}},"loc":{"start":{"line":165,"column":67},"end":{"line":240,"column":5}},"line":165},"25":{"name":"(anonymous_25)","decl":{"start":{"line":172,"column":17},"end":{"line":172,"column":18}},"loc":{"start":{"line":172,"column":33},"end":{"line":203,"column":7}},"line":172},"26":{"name":"(anonymous_26)","decl":{"start":{"line":181,"column":44},"end":{"line":181,"column":45}},"loc":{"start":{"line":181,"column":64},"end":{"line":184,"column":9}},"line":181},"27":{"name":"(anonymous_27)","decl":{"start":{"line":186,"column":37},"end":{"line":186,"column":38}},"loc":{"start":{"line":186,"column":49},"end":{"line":202,"column":9}},"line":186},"28":{"name":"(anonymous_28)","decl":{"start":{"line":198,"column":33},"end":{"line":198,"column":34}},"loc":{"start":{"line":198,"column":45},"end":{"line":201,"column":11}},"line":198},"29":{"name":"(anonymous_29)","decl":{"start":{"line":205,"column":16},"end":{"line":205,"column":17}},"loc":{"start":{"line":205,"column":32},"end":{"line":215,"column":7}},"line":205},"30":{"name":"next","decl":{"start":{"line":210,"column":17},"end":{"line":210,"column":21}},"loc":{"start":{"line":210,"column":25},"end":{"line":214,"column":9}},"line":210},"31":{"name":"(anonymous_31)","decl":{"start":{"line":217,"column":40},"end":{"line":217,"column":41}},"loc":{"start":{"line":217,"column":56},"end":{"line":231,"column":7}},"line":217},"32":{"name":"(anonymous_32)","decl":{"start":{"line":223,"column":11},"end":{"line":223,"column":12}},"loc":{"start":{"line":223,"column":26},"end":{"line":229,"column":9}},"line":223},"33":{"name":"(anonymous_33)","decl":{"start":{"line":233,"column":54},"end":{"line":233,"column":55}},"loc":{"start":{"line":233,"column":70},"end":{"line":239,"column":7}},"line":233},"34":{"name":"(anonymous_34)","decl":{"start":{"line":234,"column":28},"end":{"line":234,"column":29}},"loc":{"start":{"line":234,"column":43},"end":{"line":237,"column":9}},"line":234}},"branchMap":{"0":{"loc":{"start":{"line":12,"column":16},"end":{"line":14,"column":16}},"type":"cond-expr","locations":[{"start":{"line":13,"column":4},"end":{"line":13,"column":17}},{"start":{"line":14,"column":4},"end":{"line":14,"column":16}}],"line":12},"1":{"loc":{"start":{"line":24,"column":18},"end":{"line":24,"column":38}},"type":"cond-expr","locations":[{"start":{"line":24,"column":26},"end":{"line":24,"column":30}},{"start":{"line":24,"column":33},"end":{"line":24,"column":38}}],"line":24},"2":{"loc":{"start":{"line":51,"column":22},"end":{"line":51,"column":36}},"type":"binary-expr","locations":[{"start":{"line":51,"column":22},"end":{"line":51,"column":26}},{"start":{"line":51,"column":30},"end":{"line":51,"column":36}}],"line":51},"3":{"loc":{"start":{"line":62,"column":24},"end":{"line":62,"column":43}},"type":"cond-expr","locations":[{"start":{"line":62,"column":32},"end":{"line":62,"column":36}},{"start":{"line":62,"column":39},"end":{"line":62,"column":43}}],"line":62},"4":{"loc":{"start":{"line":77,"column":10},"end":{"line":79,"column":11}},"type":"if","locations":[{"start":{"line":77,"column":10},"end":{"line":79,"column":11}},{"start":{},"end":{}}],"line":77},"5":{"loc":{"start":{"line":118,"column":37},"end":{"line":118,"column":72}},"type":"cond-expr","locations":[{"start":{"line":118,"column":45},"end":{"line":118,"column":54}},{"start":{"line":118,"column":57},"end":{"line":118,"column":72}}],"line":118},"6":{"loc":{"start":{"line":173,"column":18},"end":{"line":173,"column":38}},"type":"cond-expr","locations":[{"start":{"line":173,"column":26},"end":{"line":173,"column":30}},{"start":{"line":173,"column":33},"end":{"line":173,"column":38}}],"line":173},"7":{"loc":{"start":{"line":193,"column":24},"end":{"line":193,"column":43}},"type":"cond-expr","locations":[{"start":{"line":193,"column":32},"end":{"line":193,"column":36}},{"start":{"line":193,"column":39},"end":{"line":193,"column":43}}],"line":193},"8":{"loc":{"start":{"line":211,"column":10},"end":{"line":213,"column":11}},"type":"if","locations":[{"start":{"line":211,"column":10},"end":{"line":213,"column":11}},{"start":{},"end":{}}],"line":211}},"s":{"0":0,"1":0,"2":0,"3":0,"4":0,"5":0,"6":0,"7":0,"8":0,"9":0,"10":0,"11":0,"12":0,"13":0,"14":0,"15":0,"16":0,"17":0,"18":0,"19":0,"20":0,"21":0,"22":0,"23":0,"24":0,"25":0,"26":0,"27":0,"28":0,"29":0,"30":0,"31":0,"32":0,"33":0,"34":0,"35":0,"36":0,"37":0,"38":0,"39":0,"40":0,"41":0,"42":0,"43":0,"44":0,"45":0,"46":0,"47":0,"48":0,"49":0,"50":0,"51":0,"52":0,"53":0,"54":0,"55":0,"56":0,"57":0,"58":0,"59":0,"60":0,"61":0,"62":0,"63":0,"64":0,"65":0,"66":0,"67":0,"68":0,"69":0,"70":0,"71":0,"72":0,"73":0,"74":0,"75":0,"76":0,"77":0,"78":0,"79":0,"80":0,"81":0,"82":0,"83":0,"84":0,"85":0,"86":0,"87":0,"88":0,"89":0,"90":0,"91":0,"92":0,"93":0,"94":0},"f":{"0":0,"1":0,"2":0,"3":0,"4":0,"5":0,"6":0,"7":0,"8":0,"9":0,"10":0,"11":0,"12":0,"13":0,"14":0,"15":0,"16":0,"17":0,"18":0,"19":0,"20":0,"21":0,"22":0,"23":0,"24":0,"25":0,"26":0,"27":0,"28":0,"29":0,"30":0,"31":0,"32":0,"33":0,"34":0},"b":{"0":[0,0],"1":[0,0],"2":[0,0],"3":[0,0],"4":[0,0],"5":[0,0],"6":[0,0],"7":[0,0],"8":[0,0]}}
,"/mnt/c/Users/henri/OneDrive/Documentos/FIAP/project3/lambda/src/functions/auth/client.js": {"path":"/mnt/c/Users/henri/OneDrive/Documentos/FIAP/project3/lambda/src/functions/auth/client.js","statementMap":{"0":{"start":{"line":3,"column":17},"end":{"line":3,"column":46}},"1":{"start":{"line":4,"column":17},"end":{"line":4,"column":34}},"2":{"start":{"line":5,"column":17},"end":{"line":5,"column":31}},"3":{"start":{"line":6,"column":17},"end":{"line":6,"column":32}},"4":{"start":{"line":7,"column":17},"end":{"line":7,"column":42}},"5":{"start":{"line":8,"column":17},"end":{"line":8,"column":34}},"6":{"start":{"line":9,"column":17},"end":{"line":9,"column":34}},"7":{"start":{"line":10,"column":17},"end":{"line":10,"column":35}},"8":{"start":{"line":12,"column":13},"end":{"line":40,"column":1}},"9":{"start":{"line":13,"column":2},"end":{"line":13,"column":40}},"10":{"start":{"line":14,"column":2},"end":{"line":14,"column":39}},"11":{"start":{"line":16,"column":2},"end":{"line":16,"column":23}},"12":{"start":{"line":17,"column":2},"end":{"line":17,"column":41}},"13":{"start":{"line":18,"column":2},"end":{"line":18,"column":51}},"14":{"start":{"line":19,"column":2},"end":{"line":19,"column":47}},"15":{"start":{"line":21,"column":13},"end":{"line":21,"column":32}},"16":{"start":{"line":22,"column":13},"end":{"line":22,"column":73}},"17":{"start":{"line":24,"column":2},"end":{"line":25,"column":64}},"18":{"start":{"line":25,"column":4},"end":{"line":25,"column":64}},"19":{"start":{"line":27,"column":2},"end":{"line":27,"column":62}},"20":{"start":{"line":29,"column":2},"end":{"line":29,"column":38}},"21":{"start":{"line":30,"column":2},"end":{"line":30,"column":44}},"22":{"start":{"line":31,"column":2},"end":{"line":31,"column":45}},"23":{"start":{"line":32,"column":2},"end":{"line":32,"column":52}},"24":{"start":{"line":33,"column":2},"end":{"line":33,"column":59}},"25":{"start":{"line":35,"column":2},"end":{"line":36,"column":76}},"26":{"start":{"line":36,"column":4},"end":{"line":36,"column":76}},"27":{"start":{"line":38,"column":2},"end":{"line":39,"column":56}},"28":{"start":{"line":39,"column":4},"end":{"line":39,"column":56}},"29":{"start":{"line":41,"column":0},"end":{"line":41,"column":28}},"30":{"start":{"line":43,"column":0},"end":{"line":45,"column":2}},"31":{"start":{"line":44,"column":2},"end":{"line":44,"column":51}},"32":{"start":{"line":47,"column":15},"end":{"line":137,"column":1}},"33":{"start":{"line":51,"column":4},"end":{"line":51,"column":44}},"34":{"start":{"line":55,"column":4},"end":{"line":55,"column":45}},"35":{"start":{"line":55,"column":32},"end":{"line":55,"column":45}},"36":{"start":{"line":56,"column":4},"end":{"line":56,"column":42}},"37":{"start":{"line":57,"column":4},"end":{"line":57,"column":24}},"38":{"start":{"line":58,"column":4},"end":{"line":58,"column":16}},"39":{"start":{"line":62,"column":4},"end":{"line":62,"column":38}},"40":{"start":{"line":62,"column":31},"end":{"line":62,"column":38}},"41":{"start":{"line":63,"column":4},"end":{"line":63,"column":75}},"42":{"start":{"line":63,"column":29},"end":{"line":63,"column":75}},"43":{"start":{"line":65,"column":4},"end":{"line":65,"column":28}},"44":{"start":{"line":66,"column":4},"end":{"line":66,"column":41}},"45":{"start":{"line":66,"column":34},"end":{"line":66,"column":41}},"46":{"start":{"line":68,"column":4},"end":{"line":68,"column":30}},"47":{"start":{"line":69,"column":4},"end":{"line":69,"column":38}},"48":{"start":{"line":69,"column":31},"end":{"line":69,"column":38}},"49":{"start":{"line":71,"column":4},"end":{"line":71,"column":17}},"50":{"start":{"line":72,"column":4},"end":{"line":72,"column":32}},"51":{"start":{"line":76,"column":21},"end":{"line":76,"column":53}},"52":{"start":{"line":77,"column":4},"end":{"line":78,"column":64}},"53":{"start":{"line":78,"column":6},"end":{"line":78,"column":64}},"54":{"start":{"line":80,"column":18},"end":{"line":80,"column":55}},"55":{"start":{"line":81,"column":18},"end":{"line":81,"column":55}},"56":{"start":{"line":83,"column":4},"end":{"line":83,"column":53}},"57":{"start":{"line":87,"column":4},"end":{"line":87,"column":61}},"58":{"start":{"line":88,"column":4},"end":{"line":88,"column":24}},"59":{"start":{"line":89,"column":4},"end":{"line":89,"column":43}},"60":{"start":{"line":90,"column":4},"end":{"line":90,"column":81}},"61":{"start":{"line":94,"column":4},"end":{"line":94,"column":44}},"62":{"start":{"line":95,"column":4},"end":{"line":95,"column":41}},"63":{"start":{"line":97,"column":4},"end":{"line":98,"column":59}},"64":{"start":{"line":98,"column":6},"end":{"line":98,"column":59}},"65":{"start":{"line":100,"column":4},"end":{"line":101,"column":87}},"66":{"start":{"line":101,"column":6},"end":{"line":101,"column":87}},"67":{"start":{"line":103,"column":21},"end":{"line":103,"column":39}},"68":{"start":{"line":104,"column":21},"end":{"line":104,"column":45}},"69":{"start":{"line":105,"column":21},"end":{"line":105,"column":48}},"70":{"start":{"line":106,"column":21},"end":{"line":106,"column":58}},"71":{"start":{"line":107,"column":21},"end":{"line":107,"column":60}},"72":{"start":{"line":109,"column":4},"end":{"line":110,"column":64}},"73":{"start":{"line":110,"column":6},"end":{"line":110,"column":64}},"74":{"start":{"line":111,"column":4},"end":{"line":112,"column":78}},"75":{"start":{"line":112,"column":6},"end":{"line":112,"column":78}},"76":{"start":{"line":114,"column":4},"end":{"line":115,"column":67}},"77":{"start":{"line":115,"column":6},"end":{"line":115,"column":67}},"78":{"start":{"line":116,"column":4},"end":{"line":117,"column":79}},"79":{"start":{"line":117,"column":6},"end":{"line":117,"column":79}},"80":{"start":{"line":119,"column":4},"end":{"line":120,"column":66}},"81":{"start":{"line":120,"column":6},"end":{"line":120,"column":66}},"82":{"start":{"line":122,"column":4},"end":{"line":122,"column":25}},"83":{"start":{"line":124,"column":4},"end":{"line":129,"column":5}},"84":{"start":{"line":125,"column":6},"end":{"line":128,"column":33}},"85":{"start":{"line":126,"column":8},"end":{"line":126,"column":70}},"86":{"start":{"line":128,"column":8},"end":{"line":128,"column":33}},"87":{"start":{"line":131,"column":4},"end":{"line":135,"column":5}},"88":{"start":{"line":132,"column":6},"end":{"line":132,"column":74}},"89":{"start":{"line":134,"column":6},"end":{"line":134,"column":44}},"90":{"start":{"line":139,"column":0},"end":{"line":140,"column":40}},"91":{"start":{"line":140,"column":2},"end":{"line":140,"column":40}},"92":{"start":{"line":142,"column":0},"end":{"line":142,"column":24}}},"fnMap":{"0":{"name":"(anonymous_0)","decl":{"start":{"line":12,"column":13},"end":{"line":12,"column":14}},"loc":{"start":{"line":12,"column":37},"end":{"line":40,"column":1}},"line":12},"1":{"name":"(anonymous_1)","decl":{"start":{"line":43,"column":21},"end":{"line":43,"column":22}},"loc":{"start":{"line":43,"column":32},"end":{"line":45,"column":1}},"line":43},"2":{"name":"(anonymous_2)","decl":{"start":{"line":50,"column":9},"end":{"line":50,"column":10}},"loc":{"start":{"line":50,"column":35},"end":{"line":52,"column":3}},"line":50},"3":{"name":"(anonymous_3)","decl":{"start":{"line":54,"column":9},"end":{"line":54,"column":10}},"loc":{"start":{"line":54,"column":20},"end":{"line":59,"column":3}},"line":54},"4":{"name":"(anonymous_4)","decl":{"start":{"line":61,"column":9},"end":{"line":61,"column":10}},"loc":{"start":{"line":61,"column":25},"end":{"line":73,"column":3}},"line":61},"5":{"name":"(anonymous_5)","decl":{"start":{"line":75,"column":21},"end":{"line":75,"column":22}},"loc":{"start":{"line":75,"column":32},"end":{"line":84,"column":3}},"line":75},"6":{"name":"(anonymous_6)","decl":{"start":{"line":86,"column":18},"end":{"line":86,"column":19}},"loc":{"start":{"line":86,"column":36},"end":{"line":91,"column":3}},"line":86},"7":{"name":"(anonymous_7)","decl":{"start":{"line":93,"column":22},"end":{"line":93,"column":23}},"loc":{"start":{"line":93,"column":33},"end":{"line":136,"column":3}},"line":93}},"branchMap":{"0":{"loc":{"start":{"line":22,"column":13},"end":{"line":22,"column":73}},"type":"binary-expr","locations":[{"start":{"line":22,"column":13},"end":{"line":22,"column":21}},{"start":{"line":22,"column":25},"end":{"line":22,"column":73}}],"line":22},"1":{"loc":{"start":{"line":24,"column":2},"end":{"line":25,"column":64}},"type":"if","locations":[{"start":{"line":24,"column":2},"end":{"line":25,"column":64}},{"start":{},"end":{}}],"line":24},"2":{"loc":{"start":{"line":27,"column":20},"end":{"line":27,"column":39}},"type":"binary-expr","locations":[{"start":{"line":27,"column":20},"end":{"line":27,"column":32}},{"start":{"line":27,"column":36},"end":{"line":27,"column":39}}],"line":27},"3":{"loc":{"start":{"line":27,"column":44},"end":{"line":27,"column":60}},"type":"binary-expr","locations":[{"start":{"line":27,"column":44},"end":{"line":27,"column":54}},{"start":{"line":27,"column":58},"end":{"line":27,"column":60}}],"line":27},"4":{"loc":{"start":{"line":35,"column":2},"end":{"line":36,"column":76}},"type":"if","locations":[{"start":{"line":35,"column":2},"end":{"line":36,"column":76}},{"start":{},"end":{}}],"line":35},"5":{"loc":{"start":{"line":38,"column":2},"end":{"line":39,"column":56}},"type":"if","locations":[{"start":{"line":38,"column":2},"end":{"line":39,"column":56}},{"start":{},"end":{}}],"line":38},"6":{"loc":{"start":{"line":55,"column":4},"end":{"line":55,"column":45}},"type":"if","locations":[{"start":{"line":55,"column":4},"end":{"line":55,"column":45}},{"start":{},"end":{}}],"line":55},"7":{"loc":{"start":{"line":62,"column":4},"end":{"line":62,"column":38}},"type":"if","locations":[{"start":{"line":62,"column":4},"end":{"line":62,"column":38}},{"start":{},"end":{}}],"line":62},"8":{"loc":{"start":{"line":63,"column":4},"end":{"line":63,"column":75}},"type":"if","locations":[{"start":{"line":63,"column":4},"end":{"line":63,"column":75}},{"start":{},"end":{}}],"line":63},"9":{"loc":{"start":{"line":66,"column":4},"end":{"line":66,"column":41}},"type":"if","locations":[{"start":{"line":66,"column":4},"end":{"line":66,"column":41}},{"start":{},"end":{}}],"line":66},"10":{"loc":{"start":{"line":69,"column":4},"end":{"line":69,"column":38}},"type":"if","locations":[{"start":{"line":69,"column":4},"end":{"line":69,"column":38}},{"start":{},"end":{}}],"line":69},"11":{"loc":{"start":{"line":77,"column":4},"end":{"line":78,"column":64}},"type":"if","locations":[{"start":{"line":77,"column":4},"end":{"line":78,"column":64}},{"start":{},"end":{}}],"line":77},"12":{"loc":{"start":{"line":97,"column":4},"end":{"line":98,"column":59}},"type":"if","locations":[{"start":{"line":97,"column":4},"end":{"line":98,"column":59}},{"start":{},"end":{}}],"line":97},"13":{"loc":{"start":{"line":100,"column":4},"end":{"line":101,"column":87}},"type":"if","locations":[{"start":{"line":100,"column":4},"end":{"line":101,"column":87}},{"start":{},"end":{}}],"line":100},"14":{"loc":{"start":{"line":104,"column":21},"end":{"line":104,"column":45}},"type":"binary-expr","locations":[{"start":{"line":104,"column":21},"end":{"line":104,"column":39}},{"start":{"line":104,"column":43},"end":{"line":104,"column":45}}],"line":104},"15":{"loc":{"start":{"line":105,"column":21},"end":{"line":105,"column":48}},"type":"binary-expr","locations":[{"start":{"line":105,"column":21},"end":{"line":105,"column":42}},{"start":{"line":105,"column":46},"end":{"line":105,"column":48}}],"line":105},"16":{"loc":{"start":{"line":106,"column":21},"end":{"line":106,"column":58}},"type":"binary-expr","locations":[{"start":{"line":106,"column":21},"end":{"line":106,"column":52}},{"start":{"line":106,"column":56},"end":{"line":106,"column":58}}],"line":106},"17":{"loc":{"start":{"line":107,"column":21},"end":{"line":107,"column":60}},"type":"binary-expr","locations":[{"start":{"line":107,"column":21},"end":{"line":107,"column":54}},{"start":{"line":107,"column":58},"end":{"line":107,"column":60}}],"line":107},"18":{"loc":{"start":{"line":109,"column":4},"end":{"line":110,"column":64}},"type":"if","locations":[{"start":{"line":109,"column":4},"end":{"line":110,"column":64}},{"start":{},"end":{}}],"line":109},"19":{"loc":{"start":{"line":111,"column":4},"end":{"line":112,"column":78}},"type":"if","locations":[{"start":{"line":111,"column":4},"end":{"line":112,"column":78}},{"start":{},"end":{}}],"line":111},"20":{"loc":{"start":{"line":114,"column":4},"end":{"line":115,"column":67}},"type":"if","locations":[{"start":{"line":114,"column":4},"end":{"line":115,"column":67}},{"start":{},"end":{}}],"line":114},"21":{"loc":{"start":{"line":116,"column":4},"end":{"line":117,"column":79}},"type":"if","locations":[{"start":{"line":116,"column":4},"end":{"line":117,"column":79}},{"start":{},"end":{}}],"line":116},"22":{"loc":{"start":{"line":119,"column":4},"end":{"line":120,"column":66}},"type":"if","locations":[{"start":{"line":119,"column":4},"end":{"line":120,"column":66}},{"start":{},"end":{}}],"line":119},"23":{"loc":{"start":{"line":124,"column":4},"end":{"line":129,"column":5}},"type":"if","locations":[{"start":{"line":124,"column":4},"end":{"line":129,"column":5}},{"start":{},"end":{}}],"line":124},"24":{"loc":{"start":{"line":125,"column":6},"end":{"line":128,"column":33}},"type":"if","locations":[{"start":{"line":125,"column":6},"end":{"line":128,"column":33}},{"start":{"line":128,"column":8},"end":{"line":128,"column":33}}],"line":125}},"s":{"0":0,"1":0,"2":0,"3":0,"4":0,"5":0,"6":0,"7":0,"8":0,"9":0,"10":0,"11":0,"12":0,"13":0,"14":0,"15":0,"16":0,"17":0,"18":0,"19":0,"20":0,"21":0,"22":0,"23":0,"24":0,"25":0,"26":0,"27":0,"28":0,"29":0,"30":0,"31":0,"32":0,"33":0,"34":0,"35":0,"36":0,"37":0,"38":0,"39":0,"40":0,"41":0,"42":0,"43":0,"44":0,"45":0,"46":0,"47":0,"48":0,"49":0,"50":0,"51":0,"52":0,"53":0,"54":0,"55":0,"56":0,"57":0,"58":0,"59":0,"60":0,"61":0,"62":0,"63":0,"64":0,"65":0,"66":0,"67":0,"68":0,"69":0,"70":0,"71":0,"72":0,"73":0,"74":0,"75":0,"76":0,"77":0,"78":0,"79":0,"80":0,"81":0,"82":0,"83":0,"84":0,"85":0,"86":0,"87":0,"88":0,"89":0,"90":0,"91":0,"92":0},"f":{"0":0,"1":0,"2":0,"3":0,"4":0,"5":0,"6":0,"7":0},"b":{"0":[0,0],"1":[0,0],"2":[0,0],"3":[0,0],"4":[0,0],"5":[0,0],"6":[0,0],"7":[0,0],"8":[0,0],"9":[0,0],"10":[0,0],"11":[0,0],"12":[0,0],"13":[0,0],"14":[0,0],"15":[0,0],"16":[0,0],"17":[0,0],"18":[0,0],"19":[0,0],"20":[0,0],"21":[0,0],"22":[0,0],"23":[0,0],"24":[0,0]}}
,"/mnt/c/Users/henri/OneDrive/Documentos/FIAP/project3/lambda/src/functions/auth/clienteController.js": {"path":"/mnt/c/Users/henri/OneDrive/Documentos/FIAP/project3/lambda/src/functions/auth/clienteController.js","statementMap":{"0":{"start":{"line":1,"column":23},"end":{"line":1,"column":60}},"1":{"start":{"line":3,"column":0},"end":{"line":11,"column":2}},"2":{"start":{"line":4,"column":2},"end":{"line":10,"column":3}},"3":{"start":{"line":5,"column":20},"end":{"line":5,"column":28}},"4":{"start":{"line":6,"column":22},"end":{"line":6,"column":64}},"5":{"start":{"line":7,"column":4},"end":{"line":7,"column":36}},"6":{"start":{"line":9,"column":4},"end":{"line":9,"column":51}},"7":{"start":{"line":13,"column":0},"end":{"line":21,"column":2}},"8":{"start":{"line":14,"column":2},"end":{"line":20,"column":3}},"9":{"start":{"line":15,"column":26},"end":{"line":15,"column":36}},"10":{"start":{"line":16,"column":20},"end":{"line":16,"column":64}},"11":{"start":{"line":17,"column":4},"end":{"line":17,"column":34}},"12":{"start":{"line":19,"column":4},"end":{"line":19,"column":51}},"13":{"start":{"line":23,"column":0},"end":{"line":32,"column":2}},"14":{"start":{"line":24,"column":2},"end":{"line":31,"column":3}},"15":{"start":{"line":25,"column":26},"end":{"line":25,"column":36}},"16":{"start":{"line":26,"column":20},"end":{"line":26,"column":28}},"17":{"start":{"line":27,"column":22},"end":{"line":27,"column":79}},"18":{"start":{"line":28,"column":4},"end":{"line":28,"column":36}},"19":{"start":{"line":30,"column":4},"end":{"line":30,"column":51}},"20":{"start":{"line":34,"column":0},"end":{"line":42,"column":2}},"21":{"start":{"line":35,"column":2},"end":{"line":41,"column":3}},"22":{"start":{"line":36,"column":26},"end":{"line":36,"column":36}},"23":{"start":{"line":37,"column":22},"end":{"line":37,"column":68}},"24":{"start":{"line":38,"column":4},"end":{"line":38,"column":36}},"25":{"start":{"line":40,"column":4},"end":{"line":40,"column":51}}},"fnMap":{"0":{"name":"(anonymous_0)","decl":{"start":{"line":3,"column":23},"end":{"line":3,"column":24}},"loc":{"start":{"line":3,"column":43},"end":{"line":11,"column":1}},"line":3},"1":{"name":"(anonymous_1)","decl":{"start":{"line":13,"column":23},"end":{"line":13,"column":24}},"loc":{"start":{"line":13,"column":43},"end":{"line":21,"column":1}},"line":13},"2":{"name":"(anonymous_2)","decl":{"start":{"line":23,"column":27},"end":{"line":23,"column":28}},"loc":{"start":{"line":23,"column":47},"end":{"line":32,"column":1}},"line":23},"3":{"name":"(anonymous_3)","decl":{"start":{"line":34,"column":25},"end":{"line":34,"column":26}},"loc":{"start":{"line":34,"column":45},"end":{"line":42,"column":1}},"line":34}},"branchMap":{},"s":{"0":0,"1":0,"2":0,"3":0,"4":0,"5":0,"6":0,"7":0,"8":0,"9":0,"10":0,"11":0,"12":0,"13":0,"14":0,"15":0,"16":0,"17":0,"18":0,"19":0,"20":0,"21":0,"22":0,"23":0,"24":0,"25":0},"f":{"0":0,"1":0,"2":0,"3":0},"b":{}}
,"/mnt/c/Users/henri/OneDrive/Documentos/FIAP/project3/lambda/src/functions/auth/clienteRoutes.js": {"path":"/mnt/c/Users/henri/OneDrive/Documentos/FIAP/project3/lambda/src/functions/auth/clienteRoutes.js","statementMap":{"0":{"start":{"line":1,"column":16},"end":{"line":1,"column":34}},"1":{"start":{"line":2,"column":15},"end":{"line":2,"column":31}},"2":{"start":{"line":3,"column":26},"end":{"line":3,"column":69}},"3":{"start":{"line":79,"column":0},"end":{"line":79,"column":49}},"4":{"start":{"line":80,"column":0},"end":{"line":80,"column":58}},"5":{"start":{"line":81,"column":0},"end":{"line":81,"column":62}},"6":{"start":{"line":82,"column":0},"end":{"line":82,"column":63}},"7":{"start":{"line":84,"column":0},"end":{"line":84,"column":24}}},"fnMap":{},"branchMap":{},"s":{"0":0,"1":0,"2":0,"3":0,"4":0,"5":0,"6":0,"7":0},"f":{},"b":{}}
,"/mnt/c/Users/henri/OneDrive/Documentos/FIAP/project3/lambda/src/functions/auth/clienteService.js": {"path":"/mnt/c/Users/henri/OneDrive/Documentos/FIAP/project3/lambda/src/functions/auth/clienteService.js","statementMap":{"0":{"start":{"line":1,"column":25},"end":{"line":1,"column":55}},"1":{"start":{"line":2,"column":78},"end":{"line":2,"column":110}},"2":{"start":{"line":3,"column":19},"end":{"line":3,"column":36}},"3":{"start":{"line":7,"column":19},"end":{"line":10,"column":5}},"4":{"start":{"line":11,"column":4},"end":{"line":11,"column":52}},"5":{"start":{"line":12,"column":4},"end":{"line":12,"column":62}},"6":{"start":{"line":16,"column":19},"end":{"line":19,"column":5}},"7":{"start":{"line":20,"column":19},"end":{"line":20,"column":66}},"8":{"start":{"line":21,"column":4},"end":{"line":21,"column":23}},"9":{"start":{"line":25,"column":19},"end":{"line":32,"column":5}},"10":{"start":{"line":33,"column":19},"end":{"line":33,"column":69}},"11":{"start":{"line":34,"column":4},"end":{"line":34,"column":29}},"12":{"start":{"line":38,"column":19},"end":{"line":41,"column":5}},"13":{"start":{"line":42,"column":4},"end":{"line":42,"column":55}},"14":{"start":{"line":43,"column":4},"end":{"line":43,"column":55}},"15":{"start":{"line":47,"column":19},"end":{"line":49,"column":5}},"16":{"start":{"line":50,"column":19},"end":{"line":50,"column":67}},"17":{"start":{"line":51,"column":4},"end":{"line":51,"column":24}},"18":{"start":{"line":55,"column":0},"end":{"line":55,"column":38}}},"fnMap":{"0":{"name":"(anonymous_0)","decl":{"start":{"line":6,"column":2},"end":{"line":6,"column":3}},"loc":{"start":{"line":6,"column":30},"end":{"line":13,"column":3}},"line":6},"1":{"name":"(anonymous_1)","decl":{"start":{"line":15,"column":2},"end":{"line":15,"column":3}},"loc":{"start":{"line":15,"column":32},"end":{"line":22,"column":3}},"line":15},"2":{"name":"(anonymous_2)","decl":{"start":{"line":24,"column":2},"end":{"line":24,"column":3}},"loc":{"start":{"line":24,"column":45},"end":{"line":35,"column":3}},"line":24},"3":{"name":"(anonymous_3)","decl":{"start":{"line":37,"column":2},"end":{"line":37,"column":3}},"loc":{"start":{"line":37,"column":34},"end":{"line":44,"column":3}},"line":37},"4":{"name":"(anonymous_4)","decl":{"start":{"line":46,"column":2},"end":{"line":46,"column":3}},"loc":{"start":{"line":46,"column":25},"end":{"line":52,"column":3}},"line":46}},"branchMap":{},"s":{"0":0,"1":0,"2":0,"3":0,"4":0,"5":0,"6":0,"7":0,"8":0,"9":0,"10":0,"11":0,"12":0,"13":0,"14":0,"15":0,"16":0,"17":0,"18":0},"f":{"0":0,"1":0,"2":0,"3":0,"4":0},"b":{}}
,"/mnt/c/Users/henri/OneDrive/Documentos/FIAP/project3/lambda/src/functions/auth/clientsClaim.js": {"path":"/mnt/c/Users/henri/OneDrive/Documentos/FIAP/project3/lambda/src/functions/auth/clientsClaim.js","statementMap":{"0":{"start":{"line":16,"column":4},"end":{"line":16,"column":66}},"1":{"start":{"line":16,"column":44},"end":{"line":16,"column":64}}},"fnMap":{"0":{"name":"clientsClaim","decl":{"start":{"line":15,"column":9},"end":{"line":15,"column":21}},"loc":{"start":{"line":15,"column":24},"end":{"line":17,"column":1}},"line":15},"1":{"name":"(anonymous_1)","decl":{"start":{"line":16,"column":38},"end":{"line":16,"column":39}},"loc":{"start":{"line":16,"column":44},"end":{"line":16,"column":64}},"line":16}},"branchMap":{},"s":{"0":0,"1":0},"f":{"0":0,"1":0},"b":{}}
,"/mnt/c/Users/henri/OneDrive/Documentos/FIAP/project3/lambda/src/functions/auth/cpf-validator.js": {"path":"/mnt/c/Users/henri/OneDrive/Documentos/FIAP/project3/lambda/src/functions/auth/cpf-validator.js","statementMap":{"0":{"start":{"line":9,"column":2},"end":{"line":9,"column":34}},"1":{"start":{"line":12,"column":2},"end":{"line":12,"column":38}},"2":{"start":{"line":12,"column":25},"end":{"line":12,"column":38}},"3":{"start":{"line":15,"column":2},"end":{"line":15,"column":45}},"4":{"start":{"line":15,"column":32},"end":{"line":15,"column":45}},"5":{"start":{"line":18,"column":13},"end":{"line":18,"column":14}},"6":{"start":{"line":19,"column":2},"end":{"line":21,"column":3}},"7":{"start":{"line":19,"column":15},"end":{"line":19,"column":16}},"8":{"start":{"line":20,"column":4},"end":{"line":20,"column":47}},"9":{"start":{"line":23,"column":14},"end":{"line":23,"column":23}},"10":{"start":{"line":24,"column":12},"end":{"line":24,"column":38}},"11":{"start":{"line":26,"column":2},"end":{"line":26,"column":52}},"12":{"start":{"line":26,"column":39},"end":{"line":26,"column":52}},"13":{"start":{"line":29,"column":2},"end":{"line":29,"column":11}},"14":{"start":{"line":30,"column":2},"end":{"line":32,"column":3}},"15":{"start":{"line":30,"column":15},"end":{"line":30,"column":16}},"16":{"start":{"line":31,"column":4},"end":{"line":31,"column":47}},"17":{"start":{"line":34,"column":2},"end":{"line":34,"column":20}},"18":{"start":{"line":35,"column":12},"end":{"line":35,"column":38}},"19":{"start":{"line":37,"column":2},"end":{"line":37,"column":42}},"20":{"start":{"line":40,"column":0},"end":{"line":40,"column":33}}},"fnMap":{"0":{"name":"validateCPF","decl":{"start":{"line":7,"column":9},"end":{"line":7,"column":20}},"loc":{"start":{"line":7,"column":26},"end":{"line":38,"column":1}},"line":7}},"branchMap":{"0":{"loc":{"start":{"line":12,"column":2},"end":{"line":12,"column":38}},"type":"if","locations":[{"start":{"line":12,"column":2},"end":{"line":12,"column":38}},{"start":{},"end":{}}],"line":12},"1":{"loc":{"start":{"line":15,"column":2},"end":{"line":15,"column":45}},"type":"if","locations":[{"start":{"line":15,"column":2},"end":{"line":15,"column":45}},{"start":{},"end":{}}],"line":15},"2":{"loc":{"start":{"line":24,"column":12},"end":{"line":24,"column":38}},"type":"cond-expr","locations":[{"start":{"line":24,"column":24},"end":{"line":24,"column":25}},{"start":{"line":24,"column":28},"end":{"line":24,"column":38}}],"line":24},"3":{"loc":{"start":{"line":26,"column":2},"end":{"line":26,"column":52}},"type":"if","locations":[{"start":{"line":26,"column":2},"end":{"line":26,"column":52}},{"start":{},"end":{}}],"line":26},"4":{"loc":{"start":{"line":35,"column":12},"end":{"line":35,"column":38}},"type":"cond-expr","locations":[{"start":{"line":35,"column":24},"end":{"line":35,"column":25}},{"start":{"line":35,"column":28},"end":{"line":35,"column":38}}],"line":35}},"s":{"0":9,"1":9,"2":1,"3":8,"4":2,"5":6,"6":6,"7":6,"8":54,"9":6,"10":6,"11":6,"12":0,"13":6,"14":6,"15":6,"16":60,"17":6,"18":6,"19":6,"20":3},"f":{"0":9},"b":{"0":[1,8],"1":[2,6],"2":[1,5],"3":[0,6],"4":[0,6]},"_coverageSchema":"1a1c01bbd47fc00a2c39e90264f33305004495a9","hash":"664ae275583df7c3a81f9b470e1b0ca57f6d25bf"}
,"/mnt/c/Users/henri/OneDrive/Documentos/FIAP/project3/lambda/src/functions/auth/getboundingclientrect.js": {"path":"/mnt/c/Users/henri/OneDrive/Documentos/FIAP/project3/lambda/src/functions/auth/getboundingclientrect.js","statementMap":{"0":{"start":{"line":1,"column":0},"end":{"line":1,"column":1877}}},"fnMap":{},"branchMap":{},"s":{"0":0},"f":{},"b":{}}
,"/mnt/c/Users/henri/OneDrive/Documentos/FIAP/project3/lambda/src/functions/auth/index.js": {"path":"/mnt/c/Users/henri/OneDrive/Documentos/FIAP/project3/lambda/src/functions/auth/index.js","statementMap":{"0":{"start":{"line":2,"column":25},"end":{"line":2,"column":61}},"1":{"start":{"line":3,"column":25},"end":{"line":3,"column":57}},"2":{"start":{"line":4,"column":24},"end":{"line":4,"column":50}},"3":{"start":{"line":5,"column":26},"end":{"line":5,"column":54}},"4":{"start":{"line":7,"column":0},"end":{"line":47,"column":2}},"5":{"start":{"line":8,"column":2},"end":{"line":46,"column":3}},"6":{"start":{"line":10,"column":17},"end":{"line":10,"column":47}},"7":{"start":{"line":11,"column":20},"end":{"line":11,"column":24}},"8":{"start":{"line":14,"column":4},"end":{"line":16,"column":5}},"9":{"start":{"line":15,"column":6},"end":{"line":15,"column":67}},"10":{"start":{"line":19,"column":4},"end":{"line":21,"column":5}},"11":{"start":{"line":20,"column":6},"end":{"line":20,"column":62}},"12":{"start":{"line":24,"column":20},"end":{"line":24,"column":47}},"13":{"start":{"line":26,"column":4},"end":{"line":28,"column":5}},"14":{"start":{"line":27,"column":6},"end":{"line":27,"column":72}},"15":{"start":{"line":31,"column":18},"end":{"line":31,"column":40}},"16":{"start":{"line":34,"column":4},"end":{"line":42,"column":7}},"17":{"start":{"line":44,"column":4},"end":{"line":44,"column":55}},"18":{"start":{"line":45,"column":4},"end":{"line":45,"column":72}},"19":{"start":{"line":51,"column":17},"end":{"line":58,"column":3}},"20":{"start":{"line":60,"column":20},"end":{"line":60,"column":69}},"21":{"start":{"line":61,"column":2},"end":{"line":61,"column":53}},"22":{"start":{"line":66,"column":2},"end":{"line":75,"column":4}}},"fnMap":{"0":{"name":"(anonymous_0)","decl":{"start":{"line":7,"column":18},"end":{"line":7,"column":19}},"loc":{"start":{"line":7,"column":35},"end":{"line":47,"column":1}},"line":7},"1":{"name":"findClienteByCPF","decl":{"start":{"line":50,"column":15},"end":{"line":50,"column":31}},"loc":{"start":{"line":50,"column":37},"end":{"line":62,"column":1}},"line":50},"2":{"name":"formatResponse","decl":{"start":{"line":65,"column":9},"end":{"line":65,"column":23}},"loc":{"start":{"line":65,"column":42},"end":{"line":76,"column":1}},"line":65}},"branchMap":{"0":{"loc":{"start":{"line":10,"column":28},"end":{"line":10,"column":46}},"type":"binary-expr","locations":[{"start":{"line":10,"column":28},"end":{"line":10,"column":38}},{"start":{"line":10,"column":42},"end":{"line":10,"column":46}}],"line":10},"1":{"loc":{"start":{"line":14,"column":4},"end":{"line":16,"column":5}},"type":"if","locations":[{"start":{"line":14,"column":4},"end":{"line":16,"column":5}},{"start":{},"end":{}}],"line":14},"2":{"loc":{"start":{"line":19,"column":4},"end":{"line":21,"column":5}},"type":"if","locations":[{"start":{"line":19,"column":4},"end":{"line":21,"column":5}},{"start":{},"end":{}}],"line":19},"3":{"loc":{"start":{"line":26,"column":4},"end":{"line":28,"column":5}},"type":"if","locations":[{"start":{"line":26,"column":4},"end":{"line":28,"column":5}},{"start":{},"end":{}}],"line":26},"4":{"loc":{"start":{"line":52,"column":15},"end":{"line":52,"column":61}},"type":"binary-expr","locations":[{"start":{"line":52,"column":15},"end":{"line":52,"column":40}},{"start":{"line":52,"column":44},"end":{"line":52,"column":61}}],"line":52},"5":{"loc":{"start":{"line":61,"column":9},"end":{"line":61,"column":52}},"type":"cond-expr","locations":[{"start":{"line":61,"column":37},"end":{"line":61,"column":45}},{"start":{"line":61,"column":48},"end":{"line":61,"column":52}}],"line":61},"6":{"loc":{"start":{"line":61,"column":9},"end":{"line":61,"column":34}},"type":"binary-expr","locations":[{"start":{"line":61,"column":9},"end":{"line":61,"column":14}},{"start":{"line":61,"column":18},"end":{"line":61,"column":34}}],"line":61}},"s":{"0":3,"1":3,"2":3,"3":3,"4":3,"5":8,"6":8,"7":8,"8":8,"9":1,"10":7,"11":2,"12":5,"13":5,"14":2,"15":3,"16":3,"17":0,"18":0,"19":5,"20":5,"21":5,"22":8},"f":{"0":8,"1":5,"2":8},"b":{"0":[8,0],"1":[1,7],"2":[2,5],"3":[2,3],"4":[5,5],"5":[3,2],"6":[5,5]},"_coverageSchema":"1a1c01bbd47fc00a2c39e90264f33305004495a9","hash":"e4802ea40bb8e158769e40afc633ef10958673f8"}
,"/mnt/c/Users/henri/OneDrive/Documentos/FIAP/project3/lambda/src/functions/auth/token-generator.js": {"path":"/mnt/c/Users/henri/OneDrive/Documentos/FIAP/project3/lambda/src/functions/auth/token-generator.js","statementMap":{"0":{"start":{"line":2,"column":12},"end":{"line":2,"column":35}},"1":{"start":{"line":10,"column":20},"end":{"line":10,"column":69}},"2":{"start":{"line":11,"column":20},"end":{"line":11,"column":52}},"3":{"start":{"line":13,"column":18},"end":{"line":18,"column":3}},"4":{"start":{"line":20,"column":2},"end":{"line":20,"column":53}},"5":{"start":{"line":23,"column":0},"end":{"line":23,"column":35}}},"fnMap":{"0":{"name":"generateToken","decl":{"start":{"line":9,"column":9},"end":{"line":9,"column":22}},"loc":{"start":{"line":9,"column":32},"end":{"line":21,"column":1}},"line":9}},"branchMap":{"0":{"loc":{"start":{"line":10,"column":20},"end":{"line":10,"column":69}},"type":"binary-expr","locations":[{"start":{"line":10,"column":20},"end":{"line":10,"column":42}},{"start":{"line":10,"column":46},"end":{"line":10,"column":69}}],"line":10},"1":{"loc":{"start":{"line":11,"column":20},"end":{"line":11,"column":52}},"type":"binary-expr","locations":[{"start":{"line":11,"column":20},"end":{"line":11,"column":44}},{"start":{"line":11,"column":48},"end":{"line":11,"column":52}}],"line":11}},"s":{"0":3,"1":3,"2":3,"3":3,"4":3,"5":3},"f":{"0":3},"b":{"0":[3,3],"1":[3,3]},"_coverageSchema":"1a1c01bbd47fc00a2c39e90264f33305004495a9","hash":"171c4558b10d427aef3f8989c51222e42ba4e707"}
,"/mnt/c/Users/henri/OneDrive/Documentos/FIAP/project3/lambda/src/functions/auth/webauthn.js": {"path":"/mnt/c/Users/henri/OneDrive/Documentos/FIAP/project3/lambda/src/functions/auth/webauthn.js","statementMap":{"0":{"start":{"line":1,"column":0},"end":{"line":1,"column":1868}}},"fnMap":{},"branchMap":{},"s":{"0":0},"f":{},"b":{}}
,"/mnt/c/Users/henri/OneDrive/Documentos/FIAP/project3/lambda/src/utils/dynamo-client.js": {"path":"/mnt/c/Users/henri/OneDrive/Documentos/FIAP/project3/lambda/src/utils/dynamo-client.js","statementMap":{"0":{"start":{"line":2,"column":27},"end":{"line":2,"column":62}},"1":{"start":{"line":3,"column":35},"end":{"line":3,"column":67}},"2":{"start":{"line":6,"column":15},"end":{"line":16,"column":2}},"3":{"start":{"line":18,"column":21},"end":{"line":18,"column":56}},"4":{"start":{"line":20,"column":0},"end":{"line":20,"column":34}}},"fnMap":{},"branchMap":{"0":{"loc":{"start":{"line":7,"column":10},"end":{"line":7,"column":47}},"type":"binary-expr","locations":[{"start":{"line":7,"column":10},"end":{"line":7,"column":32}},{"start":{"line":7,"column":36},"end":{"line":7,"column":47}}],"line":7},"1":{"loc":{"start":{"line":9,"column":6},"end":{"line":15,"column":3}},"type":"binary-expr","locations":[{"start":{"line":9,"column":6},"end":{"line":9,"column":35}},{"start":{"line":9,"column":39},"end":{"line":15,"column":3}}],"line":9}},"s":{"0":2,"1":2,"2":2,"3":2,"4":2},"f":{},"b":{"0":[2,2],"1":[2,0]},"_coverageSchema":"1a1c01bbd47fc00a2c39e90264f33305004495a9","hash":"a889e42adbc70c7235cc0aee8fce68731fc01662"}
,"/mnt/c/Users/henri/OneDrive/Documentos/FIAP/project3/lambda/src/utils/response-formatter.js": {"path":"/mnt/c/Users/henri/OneDrive/Documentos/FIAP/project3/lambda/src/utils/response-formatter.js","statementMap":{},"fnMap":{},"branchMap":{},"s":{},"f":{},"b":{}}
}
