TN:
SF:src/config/env.js
FNF:0
FNH:0
LF:0
LH:0
BRF:0
BRH:0
end_of_record
TN:
SF:src/functions/auth/auth-service.js
FNF:0
FNH:0
LF:0
LH:0
BRF:0
BRH:0
end_of_record
TN:
SF:src/functions/auth/client-hints-dpr-width-viewport.js
FNF:0
FNH:0
DA:1,0
LF:1
LH:0
BRF:0
BRH:0
end_of_record
TN:
SF:src/functions/auth/client-test.js
FN:16,(anonymous_0)
FN:17,(anonymous_1)
FN:18,(anonymous_2)
FN:23,(anonymous_3)
FN:31,(anonymous_4)
FN:33,(anonymous_5)
FN:36,(anonymous_6)
FN:44,(anonymous_7)
FN:48,(anonymous_8)
FN:56,(anonymous_9)
FN:71,(anonymous_10)
FN:76,next
FN:83,(anonymous_12)
FN:92,(anonymous_13)
FN:101,(anonymous_14)
FN:111,(anonymous_15)
FN:119,(anonymous_16)
FN:124,(anonymous_17)
FN:130,(anonymous_18)
FN:135,(anonymous_19)
FN:145,(anonymous_20)
FN:151,(anonymous_21)
FN:154,(anonymous_22)
FN:164,(anonymous_23)
FN:165,(anonymous_24)
FN:172,(anonymous_25)
FN:181,(anonymous_26)
FN:186,(anonymous_27)
FN:198,(anonymous_28)
FN:205,(anonymous_29)
FN:210,next
FN:217,(anonymous_31)
FN:223,(anonymous_32)
FN:233,(anonymous_33)
FN:234,(anonymous_34)
FNF:35
FNH:0
FNDA:0,(anonymous_0)
FNDA:0,(anonymous_1)
FNDA:0,(anonymous_2)
FNDA:0,(anonymous_3)
FNDA:0,(anonymous_4)
FNDA:0,(anonymous_5)
FNDA:0,(anonymous_6)
FNDA:0,(anonymous_7)
FNDA:0,(anonymous_8)
FNDA:0,(anonymous_9)
FNDA:0,(anonymous_10)
FNDA:0,next
FNDA:0,(anonymous_12)
FNDA:0,(anonymous_13)
FNDA:0,(anonymous_14)
FNDA:0,(anonymous_15)
FNDA:0,(anonymous_16)
FNDA:0,(anonymous_17)
FNDA:0,(anonymous_18)
FNDA:0,(anonymous_19)
FNDA:0,(anonymous_20)
FNDA:0,(anonymous_21)
FNDA:0,(anonymous_22)
FNDA:0,(anonymous_23)
FNDA:0,(anonymous_24)
FNDA:0,(anonymous_25)
FNDA:0,(anonymous_26)
FNDA:0,(anonymous_27)
FNDA:0,(anonymous_28)
FNDA:0,(anonymous_29)
FNDA:0,next
FNDA:0,(anonymous_31)
FNDA:0,(anonymous_32)
FNDA:0,(anonymous_33)
FNDA:0,(anonymous_34)
DA:3,0
DA:4,0
DA:5,0
DA:6,0
DA:8,0
DA:9,0
DA:12,0
DA:16,0
DA:17,0
DA:18,0
DA:23,0
DA:24,0
DA:26,0
DA:31,0
DA:32,0
DA:33,0
DA:34,0
DA:36,0
DA:37,0
DA:38,0
DA:40,0
DA:45,0
DA:47,0
DA:48,0
DA:51,0
DA:56,0
DA:57,0
DA:67,0
DA:71,0
DA:72,0
DA:73,0
DA:74,0
DA:77,0
DA:78,0
DA:83,0
DA:84,0
DA:93,0
DA:94,0
DA:96,0
DA:98,0
DA:101,0
DA:102,0
DA:112,0
DA:113,0
DA:115,0
DA:118,0
DA:120,0
DA:124,0
DA:125,0
DA:131,0
DA:133,0
DA:135,0
DA:136,0
DA:137,0
DA:139,0
DA:140,0
DA:142,0
DA:145,0
DA:146,0
DA:152,0
DA:154,0
DA:155,0
DA:156,0
DA:159,0
DA:164,0
DA:165,0
DA:172,0
DA:173,0
DA:175,0
DA:181,0
DA:182,0
DA:183,0
DA:186,0
DA:187,0
DA:198,0
DA:199,0
DA:200,0
DA:205,0
DA:206,0
DA:207,0
DA:208,0
DA:211,0
DA:212,0
DA:217,0
DA:218,0
DA:224,0
DA:225,0
DA:227,0
DA:228,0
DA:230,0
DA:233,0
DA:234,0
DA:235,0
DA:236,0
DA:238,0
LF:95
LH:0
BRDA:12,0,0,0
BRDA:12,0,1,0
BRDA:24,1,0,0
BRDA:24,1,1,0
BRDA:51,2,0,0
BRDA:51,2,1,0
BRDA:62,3,0,0
BRDA:62,3,1,0
BRDA:77,4,0,0
BRDA:77,4,1,0
BRDA:118,5,0,0
BRDA:118,5,1,0
BRDA:173,6,0,0
BRDA:173,6,1,0
BRDA:193,7,0,0
BRDA:193,7,1,0
BRDA:211,8,0,0
BRDA:211,8,1,0
BRF:18
BRH:0
end_of_record
TN:
SF:src/functions/auth/client.js
FN:12,(anonymous_0)
FN:43,(anonymous_1)
FN:50,(anonymous_2)
FN:54,(anonymous_3)
FN:61,(anonymous_4)
FN:75,(anonymous_5)
FN:86,(anonymous_6)
FN:93,(anonymous_7)
FNF:8
FNH:0
FNDA:0,(anonymous_0)
FNDA:0,(anonymous_1)
FNDA:0,(anonymous_2)
FNDA:0,(anonymous_3)
FNDA:0,(anonymous_4)
FNDA:0,(anonymous_5)
FNDA:0,(anonymous_6)
FNDA:0,(anonymous_7)
DA:3,0
DA:4,0
DA:5,0
DA:6,0
DA:7,0
DA:8,0
DA:9,0
DA:10,0
DA:12,0
DA:13,0
DA:14,0
DA:16,0
DA:17,0
DA:18,0
DA:19,0
DA:21,0
DA:22,0
DA:24,0
DA:25,0
DA:27,0
DA:29,0
DA:30,0
DA:31,0
DA:32,0
DA:33,0
DA:35,0
DA:36,0
DA:38,0
DA:39,0
DA:41,0
DA:43,0
DA:44,0
DA:47,0
DA:51,0
DA:55,0
DA:56,0
DA:57,0
DA:58,0
DA:62,0
DA:63,0
DA:65,0
DA:66,0
DA:68,0
DA:69,0
DA:71,0
DA:72,0
DA:76,0
DA:77,0
DA:78,0
DA:80,0
DA:81,0
DA:83,0
DA:87,0
DA:88,0
DA:89,0
DA:90,0
DA:94,0
DA:95,0
DA:97,0
DA:98,0
DA:100,0
DA:101,0
DA:103,0
DA:104,0
DA:105,0
DA:106,0
DA:107,0
DA:109,0
DA:110,0
DA:111,0
DA:112,0
DA:114,0
DA:115,0
DA:116,0
DA:117,0
DA:119,0
DA:120,0
DA:122,0
DA:124,0
DA:125,0
DA:126,0
DA:128,0
DA:131,0
DA:132,0
DA:134,0
DA:139,0
DA:140,0
DA:142,0
LF:88
LH:0
BRDA:22,0,0,0
BRDA:22,0,1,0
BRDA:24,1,0,0
BRDA:24,1,1,0
BRDA:27,2,0,0
BRDA:27,2,1,0
BRDA:27,3,0,0
BRDA:27,3,1,0
BRDA:35,4,0,0
BRDA:35,4,1,0
BRDA:38,5,0,0
BRDA:38,5,1,0
BRDA:55,6,0,0
BRDA:55,6,1,0
BRDA:62,7,0,0
BRDA:62,7,1,0
BRDA:63,8,0,0
BRDA:63,8,1,0
BRDA:66,9,0,0
BRDA:66,9,1,0
BRDA:69,10,0,0
BRDA:69,10,1,0
BRDA:77,11,0,0
BRDA:77,11,1,0
BRDA:97,12,0,0
BRDA:97,12,1,0
BRDA:100,13,0,0
BRDA:100,13,1,0
BRDA:104,14,0,0
BRDA:104,14,1,0
BRDA:105,15,0,0
BRDA:105,15,1,0
BRDA:106,16,0,0
BRDA:106,16,1,0
BRDA:107,17,0,0
BRDA:107,17,1,0
BRDA:109,18,0,0
BRDA:109,18,1,0
BRDA:111,19,0,0
BRDA:111,19,1,0
BRDA:114,20,0,0
BRDA:114,20,1,0
BRDA:116,21,0,0
BRDA:116,21,1,0
BRDA:119,22,0,0
BRDA:119,22,1,0
BRDA:124,23,0,0
BRDA:124,23,1,0
BRDA:125,24,0,0
BRDA:125,24,1,0
BRF:50
BRH:0
end_of_record
TN:
SF:src/functions/auth/clienteController.js
FN:3,(anonymous_0)
FN:13,(anonymous_1)
FN:23,(anonymous_2)
FN:34,(anonymous_3)
FNF:4
FNH:0
FNDA:0,(anonymous_0)
FNDA:0,(anonymous_1)
FNDA:0,(anonymous_2)
FNDA:0,(anonymous_3)
DA:1,0
DA:3,0
DA:4,0
DA:5,0
DA:6,0
DA:7,0
DA:9,0
DA:13,0
DA:14,0
DA:15,0
DA:16,0
DA:17,0
DA:19,0
DA:23,0
DA:24,0
DA:25,0
DA:26,0
DA:27,0
DA:28,0
DA:30,0
DA:34,0
DA:35,0
DA:36,0
DA:37,0
DA:38,0
DA:40,0
LF:26
LH:0
BRF:0
BRH:0
end_of_record
TN:
SF:src/functions/auth/clienteRoutes.js
FNF:0
FNH:0
DA:1,0
DA:2,0
DA:3,0
DA:79,0
DA:80,0
DA:81,0
DA:82,0
DA:84,0
LF:8
LH:0
BRF:0
BRH:0
end_of_record
TN:
SF:src/functions/auth/clienteService.js
FN:6,(anonymous_0)
FN:15,(anonymous_1)
FN:24,(anonymous_2)
FN:37,(anonymous_3)
FN:46,(anonymous_4)
FNF:5
FNH:0
FNDA:0,(anonymous_0)
FNDA:0,(anonymous_1)
FNDA:0,(anonymous_2)
FNDA:0,(anonymous_3)
FNDA:0,(anonymous_4)
DA:1,0
DA:2,0
DA:3,0
DA:7,0
DA:11,0
DA:12,0
DA:16,0
DA:20,0
DA:21,0
DA:25,0
DA:33,0
DA:34,0
DA:38,0
DA:42,0
DA:43,0
DA:47,0
DA:50,0
DA:51,0
DA:55,0
LF:19
LH:0
BRF:0
BRH:0
end_of_record
TN:
SF:src/functions/auth/clientsClaim.js
FN:15,clientsClaim
FN:16,(anonymous_1)
FNF:2
FNH:0
FNDA:0,clientsClaim
FNDA:0,(anonymous_1)
DA:16,0
LF:1
LH:0
BRF:0
BRH:0
end_of_record
TN:
SF:src/functions/auth/cpf-validator.js
FN:7,validateCPF
FNF:1
FNH:1
FNDA:9,validateCPF
DA:9,9
DA:12,9
DA:15,8
DA:18,6
DA:19,6
DA:20,54
DA:23,6
DA:24,6
DA:26,6
DA:29,6
DA:30,6
DA:31,60
DA:34,6
DA:35,6
DA:37,6
DA:40,3
LF:16
LH:16
BRDA:12,0,0,1
BRDA:12,0,1,8
BRDA:15,1,0,2
BRDA:15,1,1,6
BRDA:24,2,0,1
BRDA:24,2,1,5
BRDA:26,3,0,0
BRDA:26,3,1,6
BRDA:35,4,0,0
BRDA:35,4,1,6
BRF:10
BRH:8
end_of_record
TN:
SF:src/functions/auth/getboundingclientrect.js
FNF:0
FNH:0
DA:1,0
LF:1
LH:0
BRF:0
BRH:0
end_of_record
TN:
SF:src/functions/auth/index.js
FN:7,(anonymous_0)
FN:50,findClienteByCPF
FN:65,formatResponse
FNF:3
FNH:3
FNDA:8,(anonymous_0)
FNDA:5,findClienteByCPF
FNDA:8,formatResponse
DA:2,3
DA:3,3
DA:4,3
DA:5,3
DA:7,3
DA:8,8
DA:10,8
DA:11,8
DA:14,8
DA:15,1
DA:19,7
DA:20,2
DA:24,5
DA:26,5
DA:27,2
DA:31,3
DA:34,3
DA:44,0
DA:45,0
DA:51,5
DA:60,5
DA:61,5
DA:66,8
LF:23
LH:21
BRDA:10,0,0,8
BRDA:10,0,1,0
BRDA:14,1,0,1
BRDA:14,1,1,7
BRDA:19,2,0,2
BRDA:19,2,1,5
BRDA:26,3,0,2
BRDA:26,3,1,3
BRDA:52,4,0,5
BRDA:52,4,1,5
BRDA:61,5,0,3
BRDA:61,5,1,2
BRDA:61,6,0,5
BRDA:61,6,1,5
BRF:14
BRH:13
end_of_record
TN:
SF:src/functions/auth/token-generator.js
FN:9,generateToken
FNF:1
FNH:1
FNDA:3,generateToken
DA:2,3
DA:10,3
DA:11,3
DA:13,3
DA:20,3
DA:23,3
LF:6
LH:6
BRDA:10,0,0,3
BRDA:10,0,1,3
BRDA:11,1,0,3
BRDA:11,1,1,3
BRF:4
BRH:4
end_of_record
TN:
SF:src/functions/auth/webauthn.js
FNF:0
FNH:0
DA:1,0
LF:1
LH:0
BRF:0
BRH:0
end_of_record
TN:
SF:src/utils/dynamo-client.js
FNF:0
FNH:0
DA:2,2
DA:3,2
DA:6,2
DA:18,2
DA:20,2
LF:5
LH:5
BRDA:7,0,0,2
BRDA:7,0,1,2
BRDA:9,1,0,2
BRDA:9,1,1,0
BRF:4
BRH:3
end_of_record
TN:
SF:src/utils/response-formatter.js
FNF:0
FNH:0
LF:0
LH:0
BRF:0
BRH:0
end_of_record
